<?xml version="1.0" encoding="UTF-8"?>
<testsuite xmlns:xsi="http://www.w3.org/2001/XMLSchema-instance" xsi:noNamespaceSchemaLocation="https://maven.apache.org/surefire/maven-surefire-plugin/xsd/surefire-test-report.xsd" name="TestCreateOrder" time="1.167" tests="4" errors="0" skipped="0" failures="0">
  <properties>
[...]
</properties>
  <testcase name="testCodeAndBody[0]" classname="TestCreateOrder" time="0.318"/>
  <testcase name="testCodeAndBody[1]" classname="TestCreateOrder" time="0.244"/>
  <testcase name="testCodeAndBody[2]" classname="TestCreateOrder" time="0.326"/>
  <testcase name="testCodeAndBody[3]" classname="TestCreateOrder" time="0.267"/>
</testsuite>